<?xml version="1.0" encoding="UTF-8"?>
<testng-results skipped="0" failed="0" ignored="0" total="2" passed="2">
  <reporter-output>
  </reporter-output>
  <suite name="Default suite" duration-ms="82" started-at="2018-09-12T07:12:10Z" finished-at="2018-09-12T07:12:10Z">
    <groups>
    </groups>
    <test name="Default test" duration-ms="82" started-at="2018-09-12T07:12:10Z" finished-at="2018-09-12T07:12:10Z">
      <class name="GroupIdP1.ArtifactIdP1._82MyConfigListenerExample">
        <test-method status="PASS" signature="beforeSuite()[pri:0, instance:GroupIdP1.ArtifactIdP1._82MyConfigListenerExample@4493d195]" name="beforeSuite" is-config="true" duration-ms="30" started-at="2018-09-12T07:12:10Z" finished-at="2018-09-12T07:12:10Z">
          <reporter-output>
          </reporter-output>
        </test-method> <!-- beforeSuite -->
        <test-method status="PASS" signature="t()[pri:0, instance:GroupIdP1.ArtifactIdP1._82MyConfigListenerExample@4493d195]" name="t" duration-ms="18" started-at="2018-09-12T07:12:10Z" finished-at="2018-09-12T07:12:10Z">
          <reporter-output>
          </reporter-output>
        </test-method> <!-- t -->
        <test-method status="PASS" signature="t1()[pri:0, instance:GroupIdP1.ArtifactIdP1._82MyConfigListenerExample@4493d195]" name="t1" duration-ms="3" started-at="2018-09-12T07:12:10Z" depends-on-methods="GroupIdP1.ArtifactIdP1._82MyConfigListenerExample.t" finished-at="2018-09-12T07:12:10Z">
          <reporter-output>
          </reporter-output>
        </test-method> <!-- t1 -->
        <test-method status="FAIL" signature="afterSuite()[pri:0, instance:GroupIdP1.ArtifactIdP1._82MyConfigListenerExample@4493d195]" name="afterSuite" is-config="true" duration-ms="8" started-at="2018-09-12T07:12:10Z" finished-at="2018-09-12T07:12:10Z">
          <exception class="java.lang.AssertionError">
            <message>
              <![CDATA[expected [true] but found [false]]]>
            </message>
            <full-stacktrace>
              <![CDATA[java.lang.AssertionError: expected [true] but found [false]
at org.testng.Assert.fail(Assert.java:96)
at org.testng.Assert.failNotEquals(Assert.java:776)
at org.testng.Assert.assertTrue(Assert.java:44)
at org.testng.Assert.assertTrue(Assert.java:54)
at GroupIdP1.ArtifactIdP1._82MyConfigListenerExample.afterSuite(_82MyConfigListenerExample.java:31)
at sun.reflect.NativeMethodAccessorImpl.invoke0(Native Method)
at sun.reflect.NativeMethodAccessorImpl.invoke(Unknown Source)
at sun.reflect.DelegatingMethodAccessorImpl.invoke(Unknown Source)
at java.lang.reflect.Method.invoke(Unknown Source)
at org.testng.internal.MethodInvocationHelper.invokeMethod(MethodInvocationHelper.java:124)
at org.testng.internal.MethodInvocationHelper.invokeMethodConsideringTimeout(MethodInvocationHelper.java:59)
at org.testng.internal.Invoker.invokeConfigurationMethod(Invoker.java:455)
at org.testng.internal.Invoker.invokeConfigurations(Invoker.java:222)
at org.testng.internal.Invoker.invokeConfigurations(Invoker.java:142)
at org.testng.SuiteRunner.privateRun(SuiteRunner.java:425)
at org.testng.SuiteRunner.run(SuiteRunner.java:364)
at org.testng.SuiteRunnerWorker.runSuite(SuiteRunnerWorker.java:52)
at org.testng.SuiteRunnerWorker.run(SuiteRunnerWorker.java:84)
at org.testng.TestNG.runSuitesSequentially(TestNG.java:1208)
at org.testng.TestNG.runSuitesLocally(TestNG.java:1137)
at org.testng.TestNG.runSuites(TestNG.java:1049)
at org.testng.TestNG.run(TestNG.java:1017)
at org.testng.remote.AbstractRemoteTestNG.run(AbstractRemoteTestNG.java:114)
at org.testng.remote.RemoteTestNG.initAndRun(RemoteTestNG.java:251)
at org.testng.remote.RemoteTestNG.main(RemoteTestNG.java:77)
]]>
            </full-stacktrace>
          </exception> <!-- java.lang.AssertionError -->
          <reporter-output>
          </reporter-output>
        </test-method> <!-- afterSuite -->
      </class> <!-- GroupIdP1.ArtifactIdP1._82MyConfigListenerExample -->
    </test> <!-- Default test -->
  </suite> <!-- Default suite -->
</testng-results>
